[27-09-2017 13:03:33] PayPal\Core\PayPalHttpConnection : INFO: POST https://api.sandbox.paypal.com/v1/oauth2/token
[27-09-2017 13:03:34] PayPal\Core\PayPalHttpConnection : INFO: Response Status 	: 200
[27-09-2017 13:03:34] PayPal\Core\PayPalHttpConnection : INFO: POST https://api.sandbox.paypal.com/v1/invoicing/invoices/next-invoice-number
[27-09-2017 13:03:36] PayPal\Core\PayPalHttpConnection : INFO: Response Status 	: 200
[27-09-2017 13:03:51] PayPal\Core\PayPalHttpConnection : INFO: POST https://api.sandbox.paypal.com/v1/oauth2/token
[27-09-2017 13:03:52] PayPal\Core\PayPalHttpConnection : INFO: Response Status 	: 200
[27-09-2017 13:03:52] PayPal\Core\PayPalHttpConnection : INFO: POST https://api.sandbox.paypal.com/v1/invoicing/invoices/next-invoice-number
[27-09-2017 13:03:57] PayPal\Core\PayPalHttpConnection : INFO: Response Status 	: 200
[27-09-2017 13:04:27] PayPal\Core\PayPalHttpConnection : INFO: POST https://api.sandbox.paypal.com/v1/oauth2/token
[27-09-2017 13:04:27] PayPal\Core\PayPalHttpConnection : INFO: Response Status 	: 200
[27-09-2017 13:04:27] PayPal\Core\PayPalHttpConnection : INFO: POST https://api.sandbox.paypal.com/v1/invoicing/invoices/next-invoice-number
[27-09-2017 13:04:28] PayPal\Core\PayPalHttpConnection : INFO: Response Status 	: 200
[27-09-2017 13:05:07] PayPal\Core\PayPalHttpConnection : INFO: POST https://api.sandbox.paypal.com/v1/oauth2/token
[27-09-2017 13:05:28] PayPal\Core\PayPalHttpConnection : INFO: Response Status 	: 200
[27-09-2017 13:05:28] PayPal\Core\PayPalHttpConnection : INFO: POST https://api.sandbox.paypal.com/v1/invoicing/invoices/next-invoice-number
[27-09-2017 13:05:29] PayPal\Core\PayPalHttpConnection : INFO: Response Status 	: 200
[27-09-2017 13:05:54] PayPal\Core\PayPalHttpConnection : INFO: POST https://api.sandbox.paypal.com/v1/oauth2/token
[27-09-2017 13:05:55] PayPal\Core\PayPalHttpConnection : INFO: Response Status 	: 200
[27-09-2017 13:05:55] PayPal\Core\PayPalHttpConnection : INFO: POST https://api.sandbox.paypal.com/v1/invoicing/invoices/next-invoice-number
[27-09-2017 13:05:56] PayPal\Core\PayPalHttpConnection : INFO: Response Status 	: 200
[27-09-2017 13:06:05] PayPal\Core\PayPalHttpConnection : INFO: POST https://api.sandbox.paypal.com/v1/oauth2/token
[27-09-2017 13:06:06] PayPal\Core\PayPalHttpConnection : INFO: Response Status 	: 200
[27-09-2017 13:06:06] PayPal\Core\PayPalHttpConnection : INFO: POST https://api.sandbox.paypal.com/v1/invoicing/invoices/next-invoice-number
[27-09-2017 13:06:13] PayPal\Core\PayPalHttpConnection : INFO: Response Status 	: 200
[27-09-2017 13:06:50] PayPal\Core\PayPalHttpConnection : INFO: POST https://api.sandbox.paypal.com/v1/oauth2/token
[27-09-2017 13:06:50] PayPal\Core\PayPalHttpConnection : INFO: Response Status 	: 200
[27-09-2017 13:06:50] PayPal\Core\PayPalHttpConnection : INFO: POST https://api.sandbox.paypal.com/v1/invoicing/invoices/next-invoice-number
[27-09-2017 13:06:58] PayPal\Core\PayPalHttpConnection : INFO: Response Status 	: 200
[27-09-2017 13:07:54] PayPal\Core\PayPalHttpConnection : INFO: POST https://api.sandbox.paypal.com/v1/oauth2/token
[27-09-2017 13:07:55] PayPal\Core\PayPalHttpConnection : INFO: Response Status 	: 200
[27-09-2017 13:07:55] PayPal\Core\PayPalHttpConnection : INFO: POST https://api.sandbox.paypal.com/v1/invoicing/invoices/next-invoice-number
[27-09-2017 13:07:57] PayPal\Core\PayPalHttpConnection : INFO: Response Status 	: 200
[27-09-2017 13:08:21] PayPal\Core\PayPalHttpConnection : INFO: POST https://api.sandbox.paypal.com/v1/oauth2/token
[27-09-2017 13:08:22] PayPal\Core\PayPalHttpConnection : INFO: Response Status 	: 200
[27-09-2017 13:08:22] PayPal\Core\PayPalHttpConnection : INFO: POST https://api.sandbox.paypal.com/v1/invoicing/invoices/next-invoice-number
[27-09-2017 13:08:22] PayPal\Core\PayPalHttpConnection : INFO: Response Status 	: 200
[27-09-2017 13:11:11] PayPal\Core\PayPalHttpConnection : INFO: POST https://api.sandbox.paypal.com/v1/oauth2/token
[27-09-2017 13:11:12] PayPal\Core\PayPalHttpConnection : INFO: Response Status 	: 200
[27-09-2017 13:11:12] PayPal\Core\PayPalHttpConnection : INFO: POST https://api.sandbox.paypal.com/v1/invoicing/invoices/next-invoice-number
[27-09-2017 13:11:13] PayPal\Core\PayPalHttpConnection : INFO: Response Status 	: 200
[27-09-2017 13:11:13] PayPal\Core\PayPalHttpConnection : INFO: POST https://api.sandbox.paypal.com/v1/payments/payment
[27-09-2017 13:11:13] PayPal\Core\PayPalHttpConnection : INFO: Response Status 	: 400
[27-09-2017 13:11:13] PayPal\Core\PayPalHttpConnection : ERROR: Got Http response code 400 when accessing https://api.sandbox.paypal.com/v1/payments/payment. {"name":"VALIDATION_ERROR","details":[{"field":"transactions[0]","issue":"Item amount must add up to specified amount subtotal (or total if amount details not specified)"}],"message":"Invalid request - see details","information_link":"https://developer.paypal.com/docs/api/payments/#errors","debug_id":"5f65fc89b6c75"}
[27-09-2017 13:12:11] PayPal\Core\PayPalHttpConnection : INFO: POST https://api.sandbox.paypal.com/v1/oauth2/token
[27-09-2017 13:12:11] PayPal\Core\PayPalHttpConnection : INFO: Response Status 	: 200
[27-09-2017 13:12:11] PayPal\Core\PayPalHttpConnection : INFO: POST https://api.sandbox.paypal.com/v1/invoicing/invoices/next-invoice-number
[27-09-2017 13:12:13] PayPal\Core\PayPalHttpConnection : INFO: Response Status 	: 200
[27-09-2017 13:12:13] PayPal\Core\PayPalHttpConnection : INFO: POST https://api.sandbox.paypal.com/v1/payments/payment
[27-09-2017 13:12:14] PayPal\Core\PayPalHttpConnection : INFO: Response Status 	: 400
[27-09-2017 13:12:14] PayPal\Core\PayPalHttpConnection : ERROR: Got Http response code 400 when accessing https://api.sandbox.paypal.com/v1/payments/payment. {"name":"VALIDATION_ERROR","details":[{"field":"transactions[0]","issue":"Item amount must add up to specified amount subtotal (or total if amount details not specified)"}],"message":"Invalid request - see details","information_link":"https://developer.paypal.com/docs/api/payments/#errors","debug_id":"1fd6af5b906e6"}
[27-09-2017 13:13:10] PayPal\Core\PayPalHttpConnection : INFO: POST https://api.sandbox.paypal.com/v1/oauth2/token
[27-09-2017 13:13:11] PayPal\Core\PayPalHttpConnection : INFO: Response Status 	: 200
[27-09-2017 13:13:11] PayPal\Core\PayPalHttpConnection : INFO: POST https://api.sandbox.paypal.com/v1/invoicing/invoices/next-invoice-number
[27-09-2017 13:13:12] PayPal\Core\PayPalHttpConnection : INFO: Response Status 	: 200
[27-09-2017 13:13:12] PayPal\Core\PayPalHttpConnection : INFO: POST https://api.sandbox.paypal.com/v1/payments/payment
[27-09-2017 13:13:13] PayPal\Core\PayPalHttpConnection : INFO: Response Status 	: 400
[27-09-2017 13:13:13] PayPal\Core\PayPalHttpConnection : ERROR: Got Http response code 400 when accessing https://api.sandbox.paypal.com/v1/payments/payment. {"name":"VALIDATION_ERROR","details":[{"field":"transactions[0]","issue":"Item amount must add up to specified amount subtotal (or total if amount details not specified)"}],"message":"Invalid request - see details","information_link":"https://developer.paypal.com/docs/api/payments/#errors","debug_id":"638f34a01de51"}
[27-09-2017 13:14:07] PayPal\Core\PayPalHttpConnection : INFO: POST https://api.sandbox.paypal.com/v1/oauth2/token
[27-09-2017 13:14:08] PayPal\Core\PayPalHttpConnection : INFO: Response Status 	: 200
[27-09-2017 13:14:08] PayPal\Core\PayPalHttpConnection : INFO: POST https://api.sandbox.paypal.com/v1/invoicing/invoices/next-invoice-number
[27-09-2017 13:14:08] PayPal\Core\PayPalHttpConnection : INFO: Response Status 	: 200
[27-09-2017 13:14:08] PayPal\Core\PayPalHttpConnection : INFO: POST https://api.sandbox.paypal.com/v1/payments/payment
[27-09-2017 13:14:09] PayPal\Core\PayPalHttpConnection : INFO: Response Status 	: 400
[27-09-2017 13:14:09] PayPal\Core\PayPalHttpConnection : ERROR: Got Http response code 400 when accessing https://api.sandbox.paypal.com/v1/payments/payment. {"name":"VALIDATION_ERROR","details":[{"field":"transactions[0]","issue":"Item amount must add up to specified amount subtotal (or total if amount details not specified)"}],"message":"Invalid request - see details","information_link":"https://developer.paypal.com/docs/api/payments/#errors","debug_id":"c694d94e74fb4"}
[27-09-2017 13:16:13] PayPal\Core\PayPalHttpConnection : INFO: POST https://api.sandbox.paypal.com/v1/oauth2/token
[27-09-2017 13:16:14] PayPal\Core\PayPalHttpConnection : INFO: Response Status 	: 200
[27-09-2017 13:16:14] PayPal\Core\PayPalHttpConnection : INFO: POST https://api.sandbox.paypal.com/v1/invoicing/invoices/next-invoice-number
[27-09-2017 13:16:18] PayPal\Core\PayPalHttpConnection : INFO: Response Status 	: 200
[27-09-2017 13:16:28] PayPal\Core\PayPalHttpConnection : INFO: POST https://api.sandbox.paypal.com/v1/oauth2/token
[27-09-2017 13:16:39] PayPal\Core\PayPalHttpConnection : INFO: Response Status 	: 200
[27-09-2017 13:16:39] PayPal\Core\PayPalHttpConnection : INFO: POST https://api.sandbox.paypal.com/v1/invoicing/invoices/next-invoice-number
[27-09-2017 13:16:40] PayPal\Core\PayPalHttpConnection : INFO: Response Status 	: 200
[27-09-2017 13:16:45] PayPal\Core\PayPalHttpConnection : INFO: POST https://api.sandbox.paypal.com/v1/oauth2/token
[27-09-2017 13:16:46] PayPal\Core\PayPalHttpConnection : INFO: Response Status 	: 200
[27-09-2017 13:16:46] PayPal\Core\PayPalHttpConnection : INFO: POST https://api.sandbox.paypal.com/v1/invoicing/invoices/next-invoice-number
[27-09-2017 13:16:47] PayPal\Core\PayPalHttpConnection : INFO: Response Status 	: 200
[27-09-2017 13:24:04] PayPal\Core\PayPalHttpConnection : INFO: POST https://api.sandbox.paypal.com/v1/oauth2/token
[27-09-2017 13:24:06] PayPal\Core\PayPalHttpConnection : INFO: Response Status 	: 200
[27-09-2017 13:24:07] PayPal\Core\PayPalHttpConnection : INFO: POST https://api.sandbox.paypal.com/v1/invoicing/invoices/next-invoice-number
[27-09-2017 13:24:07] PayPal\Core\PayPalHttpConnection : INFO: Response Status 	: 200
[27-09-2017 13:24:07] PayPal\Core\PayPalHttpConnection : INFO: POST https://api.sandbox.paypal.com/v1/payments/payment
[27-09-2017 13:24:11] PayPal\Core\PayPalHttpConnection : INFO: Response Status 	: 400
[27-09-2017 13:24:11] PayPal\Core\PayPalHttpConnection : ERROR: Got Http response code 400 when accessing https://api.sandbox.paypal.com/v1/payments/payment. {"name":"VALIDATION_ERROR","details":[{"field":"transactions[0]","issue":"Item amount must add up to specified amount subtotal (or total if amount details not specified)"}],"message":"Invalid request - see details","information_link":"https://developer.paypal.com/docs/api/payments/#errors","debug_id":"c74a43a5e541"}
